TN:
SF:C:\Users\Johannes\Documents\Programmieren\project11\mensaarApp\src\polyfills.ts
FNF:0
FNH:0
LF:0
LH:0
BRF:0
BRH:0
end_of_record
TN:
SF:C:\Users\Johannes\Documents\Programmieren\project11\mensaarApp\src\test.ts
FNF:0
FNH:0
DA:13,1
DA:18,1
DA:20,1
LF:3
LH:3
BRF:0
BRH:0
end_of_record
TN:
SF:C:\Users\Johannes\Documents\Programmieren\project11\mensaarApp\src\zone-flags.ts
FNF:0
FNH:0
DA:5,1
LF:1
LH:1
BRF:0
BRH:0
end_of_record
TN:
SF:C:\Users\Johannes\Documents\Programmieren\project11\mensaarApp\src\app\app.component.ts
FN:39,(anonymous_0)
FN:89,(anonymous_1)
FN:221,(anonymous_2)
FN:108,(anonymous_3)
FN:111,(anonymous_5)
FN:118,(anonymous_6)
FN:134,(anonymous_7)
FN:135,(anonymous_8)
FN:142,(anonymous_9)
FN:144,(anonymous_10)
FN:152,(anonymous_11)
FN:173,(anonymous_12)
FN:177,(anonymous_13)
FN:180,(anonymous_14)
FN:183,(anonymous_15)
FN:186,(anonymous_16)
FN:195,(anonymous_17)
FN:202,(anonymous_18)
FN:210,(anonymous_19)
FN:232,(anonymous_20)
FN:244,(anonymous_21)
FN:258,(anonymous_22)
FN:285,(anonymous_23)
FN:292,(anonymous_24)
FN:301,(anonymous_26)
FN:311,(anonymous_28)
FN:330,(anonymous_29)
FN:348,(anonymous_30)
FN:363,(anonymous_31)
FN:371,(anonymous_32)
FN:374,(anonymous_33)
FN:384,(anonymous_34)
FN:404,(anonymous_35)
FN:412,(anonymous_36)
FN:421,(anonymous_38)
FN:424,(anonymous_40)
FNF:36
FNH:35
FNDA:2,(anonymous_0)
FNDA:36,(anonymous_1)
FNDA:0,(anonymous_2)
FNDA:40,(anonymous_3)
FNDA:4,(anonymous_5)
FNDA:40,(anonymous_6)
FNDA:40,(anonymous_7)
FNDA:40,(anonymous_8)
FNDA:40,(anonymous_9)
FNDA:40,(anonymous_10)
FNDA:40,(anonymous_11)
FNDA:40,(anonymous_12)
FNDA:40,(anonymous_13)
FNDA:40,(anonymous_14)
FNDA:40,(anonymous_15)
FNDA:40,(anonymous_16)
FNDA:40,(anonymous_17)
FNDA:1,(anonymous_18)
FNDA:65,(anonymous_19)
FNDA:37,(anonymous_20)
FNDA:1,(anonymous_21)
FNDA:39,(anonymous_22)
FNDA:1,(anonymous_23)
FNDA:1,(anonymous_24)
FNDA:3,(anonymous_26)
FNDA:2,(anonymous_28)
FNDA:1,(anonymous_29)
FNDA:8,(anonymous_30)
FNDA:1,(anonymous_31)
FNDA:46,(anonymous_32)
FNDA:42,(anonymous_33)
FNDA:210,(anonymous_34)
FNDA:2,(anonymous_35)
FNDA:1,(anonymous_36)
FNDA:40,(anonymous_38)
FNDA:40,(anonymous_40)
DA:25,1
DA:26,1
DA:29,1
DA:40,2
DA:55,1
DA:59,36
DA:60,36
DA:61,36
DA:62,36
DA:64,36
DA:65,36
DA:69,36
DA:72,36
DA:78,36
DA:79,36
DA:80,36
DA:81,36
DA:82,36
DA:84,36
DA:85,36
DA:90,36
DA:91,36
DA:92,36
DA:93,36
DA:94,36
DA:95,36
DA:96,36
DA:97,36
DA:98,36
DA:101,36
DA:102,36
DA:109,40
DA:111,40
DA:112,4
DA:113,4
DA:114,2
DA:115,4
DA:118,40
DA:119,40
DA:122,40
DA:123,1
DA:124,1
DA:135,40
DA:137,40
DA:138,2
DA:141,40
DA:143,40
DA:145,40
DA:146,40
DA:147,40
DA:148,40
DA:149,40
DA:151,40
DA:153,40
DA:154,40
DA:157,40
DA:161,40
DA:162,40
DA:163,0
DA:164,0
DA:167,40
DA:172,40
DA:175,40
DA:176,40
DA:178,40
DA:179,40
DA:181,40
DA:182,40
DA:184,40
DA:185,40
DA:187,40
DA:188,40
DA:196,40
DA:203,1
DA:211,65
DA:212,65
DA:213,0
DA:214,65
DA:221,36
DA:222,0
DA:223,0
DA:225,0
DA:233,37
DA:234,2
DA:236,37
DA:237,37
DA:245,1
DA:247,1
DA:249,1
DA:250,1
DA:259,39
DA:261,39
DA:263,1
DA:264,1
DA:265,1
DA:268,1
DA:269,1
DA:270,1
DA:275,37
DA:276,37
DA:277,37
DA:286,1
DA:293,1
DA:294,1
DA:302,3
DA:303,3
DA:312,2
DA:313,2
DA:315,2
DA:316,2
DA:317,2
DA:318,1
DA:320,1
DA:321,1
DA:323,2
DA:332,1
DA:333,1
DA:336,1
DA:337,1
DA:340,1
DA:349,8
DA:350,2
DA:351,8
DA:352,2
DA:353,8
DA:354,2
DA:355,8
DA:356,2
DA:364,1
DA:365,1
DA:372,46
DA:374,42
DA:375,42
DA:376,42
DA:378,42
DA:379,252
DA:381,252
DA:382,210
DA:384,210
DA:385,210
DA:386,38
DA:390,172
DA:395,42
DA:405,2
DA:406,2
DA:413,1
DA:414,1
DA:422,40
DA:424,40
DA:425,40
DA:426,37
DA:427,37
DA:431,3
DA:432,3
LF:154
LH:148
BRDA:41,0,0,2
BRDA:41,0,1,0
BRDA:222,1,0,0
BRDA:222,1,1,0
BRDA:113,2,0,2
BRDA:113,2,1,2
BRDA:122,3,0,1
BRDA:122,3,1,39
BRDA:137,4,0,2
BRDA:137,4,1,38
BRDA:161,5,0,40
BRDA:161,5,1,0
BRDA:162,6,0,0
BRDA:162,6,1,40
BRDA:175,7,0,29
BRDA:175,7,1,11
BRDA:178,8,0,35
BRDA:178,8,1,5
BRDA:181,9,0,38
BRDA:181,9,1,2
BRDA:184,10,0,19
BRDA:184,10,1,21
BRDA:187,11,0,39
BRDA:187,11,1,1
BRDA:212,12,0,0
BRDA:212,12,1,65
BRDA:212,13,0,65
BRDA:212,13,1,0
BRDA:233,14,0,2
BRDA:233,14,1,35
BRDA:262,15,0,1
BRDA:262,15,1,1
BRDA:262,15,2,37
BRDA:317,16,0,1
BRDA:317,16,1,1
BRDA:349,17,0,2
BRDA:349,17,1,6
BRDA:351,18,0,2
BRDA:351,18,1,6
BRDA:353,19,0,2
BRDA:353,19,1,6
BRDA:355,20,0,2
BRDA:355,20,1,6
BRDA:364,21,0,1
BRDA:364,21,1,0
BRDA:372,22,0,42
BRDA:372,22,1,4
BRDA:381,23,0,210
BRDA:381,23,1,42
BRDA:385,24,0,38
BRDA:385,24,1,172
BRDA:425,25,0,37
BRDA:425,25,1,3
BRF:53
BRH:45
end_of_record
TN:
SF:C:\Users\Johannes\Documents\Programmieren\project11\mensaarApp\src\app\components\food-feedback\food-feedback.component.ts
FN:31,(anonymous_0)
FN:55,(anonymous_1)
FN:57,(anonymous_2)
FN:59,(anonymous_3)
FN:60,(anonymous_4)
FN:81,(anonymous_5)
FN:95,(anonymous_7)
FN:106,(anonymous_9)
FN:110,(anonymous_10)
FN:115,(anonymous_11)
FN:126,(anonymous_12)
FN:137,(anonymous_13)
FN:144,(anonymous_14)
FN:155,(anonymous_15)
FN:195,(anonymous_16)
FN:201,(anonymous_17)
FNF:16
FNH:16
FNDA:11,(anonymous_0)
FNDA:11,(anonymous_1)
FNDA:11,(anonymous_2)
FNDA:11,(anonymous_3)
FNDA:11,(anonymous_4)
FNDA:2,(anonymous_5)
FNDA:2,(anonymous_7)
FNDA:2,(anonymous_9)
FNDA:11,(anonymous_10)
FNDA:3,(anonymous_11)
FNDA:110,(anonymous_12)
FNDA:110,(anonymous_13)
FNDA:4,(anonymous_14)
FNDA:6,(anonymous_15)
FNDA:1,(anonymous_16)
FNDA:1,(anonymous_17)
DA:11,1
DA:13,11
DA:15,11
DA:17,11
DA:25,11
DA:27,1
DA:32,11
DA:33,11
DA:34,11
DA:35,11
DA:36,11
DA:37,11
DA:40,11
DA:41,11
DA:42,11
DA:43,11
DA:44,11
DA:53,11
DA:55,11
DA:57,11
DA:59,11
DA:61,11
DA:62,11
DA:63,11
DA:65,11
DA:66,11
DA:68,88
DA:69,44
DA:71,44
DA:73,88
DA:82,2
DA:89,2
DA:96,2
DA:100,2
DA:107,2
DA:116,3
DA:117,3
DA:120,3
DA:127,110
DA:128,110
DA:130,0
DA:138,110
DA:145,4
DA:146,3
DA:148,1
DA:158,6
DA:160,6
DA:162,1
DA:168,5
DA:169,2
DA:171,1
DA:174,2
DA:178,5
DA:187,5
DA:188,2
DA:190,5
DA:191,3
DA:195,5
DA:197,1
DA:200,1
DA:203,1
LF:61
LH:60
BRDA:68,0,0,44
BRDA:68,0,1,44
BRDA:127,1,0,110
BRDA:127,1,1,0
BRDA:145,2,0,3
BRDA:145,2,1,1
BRDA:160,3,0,1
BRDA:160,3,1,5
BRDA:160,4,0,6
BRDA:160,4,1,4
BRDA:160,4,2,2
BRDA:168,5,0,2
BRDA:168,5,1,3
BRDA:169,6,0,1
BRDA:169,6,1,1
BRDA:187,7,0,2
BRDA:187,7,1,3
BRDA:190,8,0,3
BRDA:190,8,1,2
BRF:19
BRH:18
end_of_record
TN:
SF:C:\Users\Johannes\Documents\Programmieren\project11\mensaarApp\src\app\home\home.page.ts
FN:21,(anonymous_0)
FN:23,(anonymous_1)
FN:32,(anonymous_2)
FN:39,(anonymous_4)
FN:49,(anonymous_5)
FN:50,(anonymous_6)
FN:59,(anonymous_7)
FNF:7
FNH:7
FNDA:7,(anonymous_0)
FNDA:2,(anonymous_1)
FNDA:9,(anonymous_2)
FNDA:2,(anonymous_4)
FNDA:9,(anonymous_5)
FNDA:9,(anonymous_6)
FNDA:2,(anonymous_7)
DA:6,1
DA:13,1
DA:21,7
DA:23,7
DA:24,2
DA:25,1
DA:33,9
DA:34,9
DA:36,9
DA:37,8
DA:39,9
DA:40,2
DA:41,2
DA:42,1
DA:50,9
DA:51,9
DA:52,9
DA:60,2
DA:61,2
DA:62,1
LF:20
LH:20
BRDA:24,0,0,1
BRDA:24,0,1,1
BRDA:36,1,0,8
BRDA:36,1,1,1
BRDA:41,2,0,1
BRDA:41,2,1,1
BRDA:61,3,0,1
BRDA:61,3,1,1
BRF:8
BRH:8
end_of_record
TN:
SF:C:\Users\Johannes\Documents\Programmieren\project11\mensaarApp\src\app\pages\favorite-food\favorite-food.page.ts
FN:14,(anonymous_0)
FN:19,(anonymous_1)
FN:28,(anonymous_3)
FN:28,(anonymous_4)
FN:31,(anonymous_5)
FN:52,(anonymous_6)
FN:54,(anonymous_8)
FN:54,(anonymous_9)
FN:58,(anonymous_10)
FN:76,(anonymous_11)
FN:78,(anonymous_12)
FNF:11
FNH:11
FNDA:2,(anonymous_0)
FNDA:2,(anonymous_1)
FNDA:2,(anonymous_3)
FNDA:2,(anonymous_4)
FNDA:4,(anonymous_5)
FNDA:1,(anonymous_6)
FNDA:1,(anonymous_8)
FNDA:1,(anonymous_9)
FNDA:2,(anonymous_10)
FNDA:2,(anonymous_11)
FNDA:16,(anonymous_12)
DA:11,1
DA:14,2
DA:20,2
DA:22,2
DA:28,2
DA:29,2
DA:31,2
DA:32,4
DA:37,4
DA:40,2
DA:53,1
DA:54,1
DA:56,1
DA:58,1
DA:59,2
DA:64,2
DA:67,1
DA:78,2
DA:80,16
DA:81,2
DA:84,2
LF:21
LH:21
BRDA:29,0,0,2
BRDA:29,0,1,0
BRDA:80,1,0,2
BRDA:80,1,1,14
BRF:4
BRH:3
end_of_record
TN:
SF:C:\Users\Johannes\Documents\Programmieren\project11\mensaarApp\src\app\pages\mensa\mensa.page.ts
FN:48,(anonymous_0)
FN:64,(anonymous_1)
FN:73,(anonymous_2)
FN:76,(anonymous_4)
FN:85,(anonymous_5)
FN:87,(anonymous_6)
FN:89,(anonymous_7)
FN:90,(anonymous_8)
FN:94,(anonymous_9)
FN:103,(anonymous_10)
FN:111,(anonymous_11)
FN:111,(anonymous_12)
FN:118,(anonymous_13)
FN:141,(anonymous_14)
FN:142,(anonymous_15)
FN:151,(anonymous_16)
FN:166,(anonymous_18)
FN:171,(anonymous_20)
FN:171,(anonymous_21)
FN:172,(anonymous_22)
FN:172,(anonymous_23)
FN:179,(anonymous_24)
FN:179,(anonymous_25)
FN:196,(anonymous_26)
FN:201,(anonymous_28)
FN:205,(anonymous_29)
FN:212,(anonymous_30)
FN:237,(anonymous_31)
FN:257,(anonymous_33)
FN:259,(anonymous_35)
FN:276,(anonymous_36)
FN:299,(anonymous_37)
FN:307,(anonymous_38)
FN:317,(anonymous_39)
FN:325,(anonymous_40)
FN:335,(anonymous_41)
FN:343,(anonymous_42)
FN:353,(anonymous_43)
FN:368,(anonymous_45)
FN:402,(anonymous_46)
FNF:40
FNH:38
FNDA:19,(anonymous_0)
FNDA:2,(anonymous_1)
FNDA:31,(anonymous_2)
FNDA:4,(anonymous_4)
FNDA:31,(anonymous_5)
FNDA:31,(anonymous_6)
FNDA:31,(anonymous_7)
FNDA:31,(anonymous_8)
FNDA:31,(anonymous_9)
FNDA:28,(anonymous_10)
FNDA:28,(anonymous_11)
FNDA:28,(anonymous_12)
FNDA:182,(anonymous_13)
FNDA:1,(anonymous_14)
FNDA:1,(anonymous_15)
FNDA:1,(anonymous_16)
FNDA:29,(anonymous_18)
FNDA:56,(anonymous_20)
FNDA:56,(anonymous_21)
FNDA:156,(anonymous_22)
FNDA:156,(anonymous_23)
FNDA:11,(anonymous_24)
FNDA:11,(anonymous_25)
FNDA:2,(anonymous_26)
FNDA:2,(anonymous_28)
FNDA:2,(anonymous_29)
FNDA:14,(anonymous_30)
FNDA:1,(anonymous_31)
FNDA:0,(anonymous_33)
FNDA:0,(anonymous_35)
FNDA:61,(anonymous_36)
FNDA:3,(anonymous_37)
FNDA:3,(anonymous_38)
FNDA:2,(anonymous_39)
FNDA:2,(anonymous_40)
FNDA:28,(anonymous_41)
FNDA:140,(anonymous_42)
FNDA:3,(anonymous_43)
FNDA:140,(anonymous_45)
FNDA:2,(anonymous_46)
DA:16,1
DA:27,1
DA:29,19
DA:31,19
DA:39,19
DA:40,19
DA:41,19
DA:42,19
DA:49,19
DA:50,19
DA:51,19
DA:52,19
DA:54,19
DA:55,19
DA:56,19
DA:57,19
DA:58,19
DA:59,19
DA:61,19
DA:64,19
DA:65,2
DA:66,1
DA:74,31
DA:76,31
DA:77,4
DA:78,4
DA:79,2
DA:80,4
DA:83,31
DA:85,31
DA:87,31
DA:89,31
DA:91,31
DA:94,31
DA:95,31
DA:97,31
DA:99,31
DA:103,28
DA:104,28
DA:106,28
DA:111,28
DA:112,28
DA:113,26
DA:114,26
DA:115,26
DA:116,26
DA:117,26
DA:118,182
DA:119,26
DA:120,26
DA:121,26
DA:122,26
DA:125,0
DA:126,0
DA:127,0
DA:129,26
DA:131,2
DA:134,28
DA:142,1
DA:143,1
DA:152,1
DA:159,1
DA:167,29
DA:168,29
DA:170,29
DA:171,56
DA:172,156
DA:173,156
DA:174,1
DA:178,12
DA:179,12
DA:180,11
DA:181,11
DA:182,0
DA:197,2
DA:198,2
DA:199,2
DA:201,2
DA:202,2
DA:205,2
DA:206,2
DA:207,2
DA:208,2
DA:209,2
DA:210,2
DA:211,2
DA:212,14
DA:213,2
DA:214,2
DA:215,2
DA:216,2
DA:219,0
DA:220,0
DA:221,0
DA:223,2
DA:225,0
DA:228,2
DA:238,1
DA:249,1
DA:258,0
DA:259,0
DA:260,0
DA:261,0
DA:264,0
DA:265,0
DA:268,0
DA:278,61
DA:279,56
DA:283,5
DA:284,4
DA:285,3
DA:286,1
DA:290,4
DA:302,3
DA:305,3
DA:307,3
DA:308,3
DA:320,2
DA:323,2
DA:325,2
DA:326,2
DA:336,28
DA:337,28
DA:339,28
DA:340,140
DA:343,140
DA:344,28
DA:346,0
DA:354,3
DA:355,3
DA:356,2
DA:357,2
DA:370,140
DA:371,140
DA:372,140
DA:374,140
DA:378,140
DA:379,140
DA:380,0
DA:381,0
DA:382,0
DA:385,0
DA:386,0
DA:387,0
DA:390,0
DA:396,140
DA:403,2
DA:404,1
DA:405,1
DA:408,1
LF:150
LH:127
BRDA:65,0,0,1
BRDA:65,0,1,1
BRDA:78,1,0,2
BRDA:78,1,1,2
BRDA:99,2,0,28
BRDA:99,2,1,3
BRDA:112,3,0,26
BRDA:112,3,1,2
BRDA:119,4,0,26
BRDA:119,4,1,0
BRDA:170,5,0,12
BRDA:170,5,1,17
BRDA:170,6,0,29
BRDA:170,6,1,21
BRDA:173,7,0,1
BRDA:173,7,1,155
BRDA:180,8,0,11
BRDA:180,8,1,0
BRDA:181,9,0,0
BRDA:181,9,1,11
BRDA:206,10,0,2
BRDA:206,10,1,0
BRDA:213,11,0,2
BRDA:213,11,1,0
BRDA:260,12,0,0
BRDA:260,12,1,0
BRDA:278,13,0,56
BRDA:278,13,1,5
BRDA:283,14,0,4
BRDA:283,14,1,1
BRDA:284,15,0,3
BRDA:284,15,1,1
BRDA:285,16,0,1
BRDA:285,16,1,2
BRDA:343,17,0,28
BRDA:343,17,1,0
BRDA:355,18,0,2
BRDA:355,18,1,1
BRDA:378,19,0,140
BRDA:378,19,1,0
BRDA:380,20,0,0
BRDA:380,20,1,0
BRDA:381,21,0,0
BRDA:381,21,1,0
BRDA:381,22,0,0
BRDA:381,22,1,0
BRDA:385,23,0,0
BRDA:385,23,1,0
BRDA:386,24,0,0
BRDA:386,24,1,0
BRDA:386,25,0,0
BRDA:386,25,1,0
BRDA:403,26,0,1
BRDA:403,26,1,1
BRDA:404,27,0,1
BRDA:404,27,1,0
BRF:56
BRH:34
end_of_record
TN:
SF:C:\Users\Johannes\Documents\Programmieren\project11\mensaarApp\src\app\services\data.service.ts
FN:16,(anonymous_0)
FN:23,(anonymous_1)
FN:39,(anonymous_2)
FN:58,(anonymous_3)
FNF:4
FNH:4
FNDA:6,(anonymous_0)
FNDA:2,(anonymous_1)
FNDA:2,(anonymous_2)
FNDA:1,(anonymous_3)
DA:12,1
DA:14,6
DA:16,6
DA:25,2
DA:26,2
DA:27,1
DA:28,2
DA:29,2
DA:41,2
DA:42,2
DA:43,1
DA:44,2
DA:45,2
DA:60,1
DA:63,1
DA:64,1
DA:65,1
DA:69,1
LF:18
LH:18
BRDA:26,0,0,1
BRDA:26,0,1,1
BRDA:42,1,0,1
BRDA:42,1,1,1
BRF:4
BRH:4
end_of_record
TN:
SF:C:\Users\Johannes\Documents\Programmieren\project11\mensaarApp\src\app\services\language.service.ts
FN:19,(anonymous_0)
FN:27,(anonymous_1)
FN:29,(anonymous_3)
FN:34,(anonymous_4)
FN:36,(anonymous_5)
FN:50,(anonymous_6)
FN:57,(anonymous_7)
FN:64,(anonymous_8)
FN:72,(anonymous_9)
FN:84,(anonymous_10)
FNF:10
FNH:10
FNDA:59,(anonymous_0)
FNDA:72,(anonymous_1)
FNDA:72,(anonymous_3)
FNDA:2,(anonymous_4)
FNDA:2,(anonymous_5)
FNDA:33,(anonymous_6)
FNDA:2,(anonymous_7)
FNDA:41,(anonymous_8)
FNDA:40,(anonymous_9)
FNDA:74,(anonymous_10)
DA:6,1
DA:11,1
DA:12,59
DA:14,59
DA:15,59
DA:16,59
DA:17,59
DA:20,59
DA:21,59
DA:29,72
DA:30,72
DA:31,70
DA:34,2
DA:35,2
DA:37,2
DA:38,2
DA:40,0
DA:51,33
DA:58,2
DA:65,41
DA:73,40
DA:85,74
DA:86,74
DA:87,74
LF:24
LH:23
BRDA:30,0,0,70
BRDA:30,0,1,2
BRDA:37,1,0,2
BRDA:37,1,1,0
BRDA:37,2,0,2
BRDA:37,2,1,0
BRDA:37,2,2,0
BRF:7
BRH:4
end_of_record
TN:
SF:C:\Users\Johannes\Documents\Programmieren\project11\mensaarApp\src\app\services\mensa.service.ts
FN:27,(anonymous_0)
FN:34,(anonymous_1)
FN:37,(anonymous_3)
FN:53,(anonymous_4)
FN:61,(anonymous_5)
FN:62,(anonymous_6)
FN:73,(anonymous_7)
FNF:7
FNH:7
FNDA:62,(anonymous_0)
FNDA:41,(anonymous_1)
FNDA:41,(anonymous_3)
FNDA:40,(anonymous_4)
FNDA:36,(anonymous_5)
FNDA:78,(anonymous_6)
FNDA:43,(anonymous_7)
DA:10,1
DA:11,62
DA:13,62
DA:24,62
DA:25,62
DA:28,62
DA:35,41
DA:37,41
DA:38,41
DA:39,39
DA:40,39
DA:43,2
DA:44,2
DA:54,40
DA:62,78
DA:63,36
DA:64,30
DA:66,6
DA:74,43
DA:75,43
LF:20
LH:20
BRDA:38,0,0,39
BRDA:38,0,1,2
BRDA:63,1,0,30
BRDA:63,1,1,6
BRF:4
BRH:4
end_of_record
TN:
SF:C:\Users\Johannes\Documents\Programmieren\project11\mensaarApp\src\app\services\storage.service.ts
FN:30,(anonymous_0)
FN:32,(anonymous_1)
FN:41,(anonymous_2)
FN:53,(anonymous_3)
FN:65,(anonymous_5)
FN:77,(anonymous_7)
FN:87,(anonymous_9)
FN:96,(anonymous_11)
FN:115,(anonymous_13)
FN:127,(anonymous_15)
FN:155,(anonymous_17)
FN:166,(anonymous_19)
FNF:12
FNH:12
FNDA:69,(anonymous_0)
FNDA:69,(anonymous_1)
FNDA:69,(anonymous_2)
FNDA:125,(anonymous_3)
FNDA:575,(anonymous_5)
FNDA:4,(anonymous_7)
FNDA:1,(anonymous_9)
FNDA:5,(anonymous_11)
FNDA:115,(anonymous_13)
FNDA:2,(anonymous_15)
FNDA:4,(anonymous_17)
FNDA:123,(anonymous_19)
DA:4,1
DA:13,1
DA:15,69
DA:16,69
DA:17,69
DA:18,69
DA:19,69
DA:20,69
DA:21,69
DA:24,69
DA:25,69
DA:32,69
DA:33,69
DA:34,27
DA:36,42
DA:41,69
DA:42,69
DA:54,125
DA:66,575
DA:67,575
DA:68,355
DA:70,220
DA:78,4
DA:88,1
DA:98,5
DA:99,3
DA:102,5
DA:103,5
DA:106,5
DA:116,115
DA:117,115
DA:119,115
DA:129,2
DA:130,0
DA:133,2
DA:134,2
DA:135,2
DA:139,2
DA:140,1
DA:144,2
DA:156,4
DA:167,123
DA:168,123
LF:43
LH:42
BRDA:33,0,0,27
BRDA:33,0,1,42
BRDA:67,1,0,355
BRDA:67,1,1,220
BRDA:98,2,0,3
BRDA:98,2,1,2
BRDA:102,3,0,5
BRDA:102,3,1,0
BRDA:129,4,0,0
BRDA:129,4,1,2
BRDA:133,5,0,2
BRDA:133,5,1,0
BRDA:139,6,0,1
BRDA:139,6,1,1
BRF:14
BRH:11
end_of_record
